ARM GAS  /tmp/ccjCtPM1.s 			page 1


   1              		.cpu cortex-m3
   2              		.arch armv7-m
   3              		.fpu softvfp
   4              		.eabi_attribute 20, 1	@ Tag_ABI_FP_denormal
   5              		.eabi_attribute 21, 1	@ Tag_ABI_FP_exceptions
   6              		.eabi_attribute 23, 3	@ Tag_ABI_FP_number_model
   7              		.eabi_attribute 24, 1	@ Tag_ABI_align8_needed
   8              		.eabi_attribute 25, 1	@ Tag_ABI_align8_preserved
   9              		.eabi_attribute 26, 1	@ Tag_ABI_enum_size
  10              		.eabi_attribute 30, 4	@ Tag_ABI_optimization_goals
  11              		.eabi_attribute 34, 1	@ Tag_CPU_unaligned_access
  12              		.eabi_attribute 18, 4	@ Tag_ABI_PCS_wchar_t
  13              		.file	"Serial.c"
  14              	@ GNU C17 (Arch Repository) version 13.2.0 (arm-none-eabi)
  15              	@	compiled by GNU C version 13.2.1 20230730, GMP version 6.2.1, MPFR version 4.2.0-p12, MPC version
  16              	
  17              	@ warning: GMP header version 6.2.1 differs from library version 6.3.0.
  18              	@ GGC heuristics: --param ggc-min-expand=100 --param ggc-min-heapsize=131072
  19              	@ options passed: -mcpu=cortex-m3 -mthumb -mfloat-abi=soft -march=armv7-m -g -gdwarf-2 -Os -fomit-f
  20              		.text
  21              	.Ltext0:
  22              		.cfi_sections	.debug_frame
  23              		.file 1 "../3-ComProcessos/Serial.c"
  24              	.Letext0:
  25              		.section	.debug_line,"",%progbits
  26              	.Ldebug_line0:
  27              		.section	.debug_str,"MS",%progbits,1
  28              	.LASF0:
  29 0000 474E5520 		.ascii	"GNU C17 13.2.0 -mcpu=cortex-m3 -mthumb -mfloat-abi="
  29      43313720 
  29      31332E32 
  29      2E30202D 
  29      6D637075 
  30 0033 736F6674 		.ascii	"soft -march=armv7-m -g -gdwarf-2 -Os -fomit-frame-p"
  30      202D6D61 
  30      7263683D 
  30      61726D76 
  30      372D6D20 
  31 0066 6F696E74 		.ascii	"ointer\000"
  31      657200
  32              	.LASF1:
  33 006d 2E2E2F33 		.ascii	"../3-ComProcessos/Serial.c\000"
  33      2D436F6D 
  33      50726F63 
  33      6573736F 
  33      732F5365 
  34              	.LASF2:
  35 0088 2F686F6D 		.ascii	"/home/me/Codigos/6-Stm32_GCC_FreeRTOS10.2.1/3-ComPr"
  35      652F6D65 
  35      2F436F64 
  35      69676F73 
  35      2F362D53 
  36 00bb 6F636573 		.ascii	"ocessos\000"
  36      736F7300 
  37              		.ident	"GCC: (Arch Repository) 13.2.0"
ARM GAS  /tmp/ccjCtPM1.s 			page 2


DEFINED SYMBOLS
                            *ABS*:00000000 Serial.c

NO UNDEFINED SYMBOLS
