ARM GAS  /tmp/cczHwTWT.s 			page 1


   1              		.cpu cortex-m3
   2              		.arch armv7-m
   3              		.fpu softvfp
   4              		.eabi_attribute 20, 1	@ Tag_ABI_FP_denormal
   5              		.eabi_attribute 21, 1	@ Tag_ABI_FP_exceptions
   6              		.eabi_attribute 23, 3	@ Tag_ABI_FP_number_model
   7              		.eabi_attribute 24, 1	@ Tag_ABI_align8_needed
   8              		.eabi_attribute 25, 1	@ Tag_ABI_align8_preserved
   9              		.eabi_attribute 26, 1	@ Tag_ABI_enum_size
  10              		.eabi_attribute 30, 4	@ Tag_ABI_optimization_goals
  11              		.eabi_attribute 34, 1	@ Tag_CPU_unaligned_access
  12              		.eabi_attribute 18, 4	@ Tag_ABI_PCS_wchar_t
  13              		.file	"croutine.c"
  14              	@ GNU C17 (Arch Repository) version 13.2.0 (arm-none-eabi)
  15              	@	compiled by GNU C version 13.2.1 20230730, GMP version 6.2.1, MPFR version 4.2.0-p12, MPC version
  16              	
  17              	@ warning: GMP header version 6.2.1 differs from library version 6.3.0.
  18              	@ GGC heuristics: --param ggc-min-expand=100 --param ggc-min-heapsize=131072
  19              	@ options passed: -mcpu=cortex-m3 -mthumb -mfloat-abi=soft -march=armv7-m -g -gdwarf-2 -Os -fomit-f
  20              		.text
  21              	.Ltext0:
  22              		.cfi_sections	.debug_frame
  23              		.file 1 "../freertos/croutine.c"
  24              	.Letext0:
  25              		.section	.debug_info,"",%progbits
  26              	.Ldebug_info0:
  27 0000 6E000000 		.4byte	0x6e
  28 0004 0200     		.2byte	0x2
  29 0006 00000000 		.4byte	.Ldebug_abbrev0
  30 000a 04       		.byte	0x4
  31 000b 01       		.uleb128 0x1
  32 000c 82000000 		.4byte	.LASF11
  33 0010 0C       		.byte	0xc
  34 0011 EF000000 		.4byte	.LASF12
  35 0015 0B010000 		.4byte	.LASF13
  36 0019 00000000 		.4byte	.Ldebug_line0
  37 001d 02       		.uleb128 0x2
  38 001e 04       		.byte	0x4
  39 001f 05       		.byte	0x5
  40 0020 696E7400 		.ascii	"int\000"
  41 0024 03       		.uleb128 0x3
  42 0025 04       		.byte	0x4
  43 0026 07       		.byte	0x7
  44 0027 00000000 		.4byte	.LASF0
  45 002b 03       		.uleb128 0x3
  46 002c 08       		.byte	0x8
  47 002d 05       		.byte	0x5
  48 002e 42010000 		.4byte	.LASF1
  49 0032 03       		.uleb128 0x3
  50 0033 08       		.byte	0x8
  51 0034 04       		.byte	0x4
  52 0035 76000000 		.4byte	.LASF2
  53 0039 03       		.uleb128 0x3
  54 003a 01       		.byte	0x1
  55 003b 06       		.byte	0x6
  56 003c 1F000000 		.4byte	.LASF3
  57 0040 03       		.uleb128 0x3
ARM GAS  /tmp/cczHwTWT.s 			page 2


  58 0041 01       		.byte	0x1
  59 0042 08       		.byte	0x8
  60 0043 5F000000 		.4byte	.LASF4
  61 0047 03       		.uleb128 0x3
  62 0048 02       		.byte	0x2
  63 0049 05       		.byte	0x5
  64 004a 3E000000 		.4byte	.LASF5
  65 004e 03       		.uleb128 0x3
  66 004f 02       		.byte	0x2
  67 0050 07       		.byte	0x7
  68 0051 2B000000 		.4byte	.LASF6
  69 0055 03       		.uleb128 0x3
  70 0056 04       		.byte	0x4
  71 0057 05       		.byte	0x5
  72 0058 6D000000 		.4byte	.LASF7
  73 005c 03       		.uleb128 0x3
  74 005d 04       		.byte	0x4
  75 005e 07       		.byte	0x7
  76 005f 0D000000 		.4byte	.LASF8
  77 0063 03       		.uleb128 0x3
  78 0064 08       		.byte	0x8
  79 0065 07       		.byte	0x7
  80 0066 48000000 		.4byte	.LASF9
  81 006a 03       		.uleb128 0x3
  82 006b 01       		.byte	0x1
  83 006c 08       		.byte	0x8
  84 006d 06010000 		.4byte	.LASF10
  85 0071 00       		.byte	0
  86              		.section	.debug_abbrev,"",%progbits
  87              	.Ldebug_abbrev0:
  88 0000 01       		.uleb128 0x1
  89 0001 11       		.uleb128 0x11
  90 0002 01       		.byte	0x1
  91 0003 25       		.uleb128 0x25
  92 0004 0E       		.uleb128 0xe
  93 0005 13       		.uleb128 0x13
  94 0006 0B       		.uleb128 0xb
  95 0007 03       		.uleb128 0x3
  96 0008 0E       		.uleb128 0xe
  97 0009 1B       		.uleb128 0x1b
  98 000a 0E       		.uleb128 0xe
  99 000b 10       		.uleb128 0x10
 100 000c 06       		.uleb128 0x6
 101 000d 00       		.byte	0
 102 000e 00       		.byte	0
 103 000f 02       		.uleb128 0x2
 104 0010 24       		.uleb128 0x24
 105 0011 00       		.byte	0
 106 0012 0B       		.uleb128 0xb
 107 0013 0B       		.uleb128 0xb
 108 0014 3E       		.uleb128 0x3e
 109 0015 0B       		.uleb128 0xb
 110 0016 03       		.uleb128 0x3
 111 0017 08       		.uleb128 0x8
 112 0018 00       		.byte	0
 113 0019 00       		.byte	0
 114 001a 03       		.uleb128 0x3
ARM GAS  /tmp/cczHwTWT.s 			page 3


 115 001b 24       		.uleb128 0x24
 116 001c 00       		.byte	0
 117 001d 0B       		.uleb128 0xb
 118 001e 0B       		.uleb128 0xb
 119 001f 3E       		.uleb128 0x3e
 120 0020 0B       		.uleb128 0xb
 121 0021 03       		.uleb128 0x3
 122 0022 0E       		.uleb128 0xe
 123 0023 00       		.byte	0
 124 0024 00       		.byte	0
 125 0025 00       		.byte	0
 126              		.section	.debug_aranges,"",%progbits
 127 0000 14000000 		.4byte	0x14
 128 0004 0200     		.2byte	0x2
 129 0006 00000000 		.4byte	.Ldebug_info0
 130 000a 04       		.byte	0x4
 131 000b 00       		.byte	0
 132 000c 0000     		.2byte	0
 133 000e 0000     		.2byte	0
 134 0010 00000000 		.4byte	0
 135 0014 00000000 		.4byte	0
 136              		.section	.debug_line,"",%progbits
 137              	.Ldebug_line0:
 138 0000 33000000 		.section	.debug_str,"MS",%progbits,1
 138      03002D00 
 138      00000201 
 138      FB0E0D00 
 138      01010101 
 139              	.LASF0:
 140 0000 756E7369 		.ascii	"unsigned int\000"
 140      676E6564 
 140      20696E74 
 140      00
 141              	.LASF8:
 142 000d 6C6F6E67 		.ascii	"long unsigned int\000"
 142      20756E73 
 142      69676E65 
 142      6420696E 
 142      7400
 143              	.LASF3:
 144 001f 7369676E 		.ascii	"signed char\000"
 144      65642063 
 144      68617200 
 145              	.LASF6:
 146 002b 73686F72 		.ascii	"short unsigned int\000"
 146      7420756E 
 146      7369676E 
 146      65642069 
 146      6E7400
 147              	.LASF5:
 148 003e 73686F72 		.ascii	"short int\000"
 148      7420696E 
 148      7400
 149              	.LASF9:
 150 0048 6C6F6E67 		.ascii	"long long unsigned int\000"
 150      206C6F6E 
 150      6720756E 
ARM GAS  /tmp/cczHwTWT.s 			page 4


 150      7369676E 
 150      65642069 
 151              	.LASF4:
 152 005f 756E7369 		.ascii	"unsigned char\000"
 152      676E6564 
 152      20636861 
 152      7200
 153              	.LASF7:
 154 006d 6C6F6E67 		.ascii	"long int\000"
 154      20696E74 
 154      00
 155              	.LASF2:
 156 0076 6C6F6E67 		.ascii	"long double\000"
 156      20646F75 
 156      626C6500 
 157              	.LASF11:
 158 0082 474E5520 		.ascii	"GNU C17 13.2.0 -mcpu=cortex-m3 -mthumb -mfloat-abi="
 158      43313720 
 158      31332E32 
 158      2E30202D 
 158      6D637075 
 159 00b5 736F6674 		.ascii	"soft -march=armv7-m -g -gdwarf-2 -Os -fomit-frame-p"
 159      202D6D61 
 159      7263683D 
 159      61726D76 
 159      372D6D20 
 160 00e8 6F696E74 		.ascii	"ointer\000"
 160      657200
 161              	.LASF12:
 162 00ef 2E2E2F66 		.ascii	"../freertos/croutine.c\000"
 162      72656572 
 162      746F732F 
 162      63726F75 
 162      74696E65 
 163              	.LASF10:
 164 0106 63686172 		.ascii	"char\000"
 164      00
 165              	.LASF13:
 166 010b 2F686F6D 		.ascii	"/home/me/Codigos/6-Stm32_GCC_FreeRTOS10.2.1/4-LCD_1"
 166      652F6D65 
 166      2F436F64 
 166      69676F73 
 166      2F362D53 
 167 013e 36783200 		.ascii	"6x2\000"
 168              	.LASF1:
 169 0142 6C6F6E67 		.ascii	"long long int\000"
 169      206C6F6E 
 169      6720696E 
 169      7400
 170              		.ident	"GCC: (Arch Repository) 13.2.0"
ARM GAS  /tmp/cczHwTWT.s 			page 5


DEFINED SYMBOLS
                            *ABS*:00000000 croutine.c

NO UNDEFINED SYMBOLS
